<?xml version="1.0" encoding="UTF-8"?>
<!-- Generated by org.testng.reporters.JUnitXMLReporter -->
<testsuite ignored="0" hostname="catl0wpab85349" failures="0" tests="3" name="submit order test" time="43.796" errors="0" timestamp="2025-01-21T21:30:26 EST">
  <testcase classname="Selenium.SeleniumFrameworkDesign.t.StandaloneTest" name="Order" time="9.462"/>
  <testcase classname="Selenium.SeleniumFrameworkDesign.t.StandaloneTest" name="Order" time="9.661"/>
  <testcase classname="Selenium.SeleniumFrameworkDesign.t.StandaloneTest" name="OrderHistoryCheck" time="1.397"/>
</testsuite> <!-- submit order test -->
