<?xml version="1.0" encoding="UTF-8"?>
<!-- Generated by org.testng.reporters.JUnitXMLReporter -->
<testsuite ignored="0" hostname="catl0wpab85349" failures="0" tests="3" name="submit order test" time="40.695" errors="0" timestamp="2025-01-23T12:10:08 EST">
  <testcase classname="Selenium.SeleniumFrameworkDesign.t.StandaloneTest" name="Order" time="9.594"/>
  <testcase classname="Selenium.SeleniumFrameworkDesign.t.StandaloneTest" name="Order" time="9.438"/>
  <testcase classname="Selenium.SeleniumFrameworkDesign.t.StandaloneTest" name="OrderHistoryCheck" time="1.345"/>
</testsuite> <!-- submit order test -->
