<?xml version="1.0" encoding="UTF-8"?>
<testng-results ignored="0" total="1" passed="1" failed="0" skipped="0">
  <reporter-output>
  </reporter-output>
  <suite started-at="2025-01-23T12:01:21 EST" name="Default suite" finished-at="2025-01-23T12:01:43 EST" duration-ms="21845">
    <groups>
      <group name="cucumber">
        <method signature="AbstractTestNGCucumberTests.runScenario(io.cucumber.testng.PickleWrapper,io.cucumber.testng.FeatureWrapper)[pri:0, instance:cucumber.TestNGTestrunner@4d5d943d]" name="runScenario" class="io.cucumber.testng.AbstractTestNGCucumberTests"/>
      </group> <!-- cucumber -->
    </groups>
    <test started-at="2025-01-23T12:01:21 EST" name="Default test" finished-at="2025-01-23T12:01:43 EST" duration-ms="21845">
      <class name="cucumber.TestNGTestrunner">
        <test-method is-config="true" signature="setUpClass(org.testng.ITestContext)[pri:0, instance:cucumber.TestNGTestrunner@4d5d943d]" started-at="2025-01-23T12:01:21 EST" name="setUpClass" finished-at="2025-01-23T12:01:22 EST" duration-ms="1396" status="PASS">
          <params>
            <param index="0">
              <value>
                <![CDATA[org.testng.TestRunner@625dfff3]]>
              </value>
            </param>
          </params>
          <reporter-output>
          </reporter-output>
        </test-method> <!-- setUpClass -->
        <test-method signature="runScenario(io.cucumber.testng.PickleWrapper,io.cucumber.testng.FeatureWrapper)[pri:0, instance:cucumber.TestNGTestrunner@4d5d943d]" started-at="2025-01-23T12:01:22 EST" name="runScenario" description="Runs Cucumber Scenarios" data-provider="scenarios" finished-at="2025-01-23T12:01:43 EST" duration-ms="20339" status="PASS">
          <params>
            <param index="0">
              <value>
                <![CDATA["Place an Order from Site"]]>
              </value>
            </param>
            <param index="1">
              <value>
                <![CDATA["Place an Order form the Ecommerce site"]]>
              </value>
            </param>
          </params>
          <reporter-output>
          </reporter-output>
        </test-method> <!-- runScenario -->
        <test-method is-config="true" signature="tearDownClass()[pri:0, instance:cucumber.TestNGTestrunner@4d5d943d]" started-at="2025-01-23T12:01:43 EST" name="tearDownClass" finished-at="2025-01-23T12:01:43 EST" duration-ms="35" status="PASS">
          <reporter-output>
          </reporter-output>
        </test-method> <!-- tearDownClass -->
      </class> <!-- cucumber.TestNGTestrunner -->
    </test> <!-- Default test -->
  </suite> <!-- Default suite -->
</testng-results>
